

Microchip MPLAB XC8 Assembler V2.10 build 88905656 
                                                                                               Sat May 02 11:52:28 2020

Microchip MPLAB XC8 C Compiler v2.10 (Free license) build 20190730164152 Og1 
     1                           	processor	18F4520
     2                           	fnconf	rparam,??,?,0
     3                           	opt	pw 120
     4                           	opt	flic
     5                           	psect	cinit,global,reloc=2,class=CODE,delta=1
     6                           	psect	bssCOMRAM,global,class=COMRAM,space=1,delta=1,noexec
     7                           	psect	cstackCOMRAM,global,class=COMRAM,space=1,delta=1,noexec
     8                           	psect	text0,global,reloc=2,class=CODE,delta=1
     9                           	psect	text1,global,reloc=2,class=CODE,delta=1
    10                           	psect	text2,global,reloc=2,class=CODE,delta=1
    11                           	psect	text3,global,reloc=2,class=CODE,delta=1
    12                           	psect	text4,global,reloc=2,class=CODE,delta=1
    13                           	psect	text5,global,reloc=2,class=CODE,delta=1
    14                           	psect	intsave_regs,global,class=BIGRAM,space=1,delta=1,noexec
    15                           	psect	rparam,global,class=COMRAM,space=1,delta=1,noexec
    16  0000                     
    17                           ; Version 2.10
    18                           ; Generated 31/07/2019 GMT
    19                           ; 
    20                           ; Copyright © 2019, Microchip Technology Inc. and its subsidiaries ("Microchip")
    21                           ; All rights reserved.
    22                           ; 
    23                           ; This software is developed by Microchip Technology Inc. and its subsidiaries ("Microch
      +                          ip").
    24                           ; 
    25                           ; Redistribution and use in source and binary forms, with or without modification, are
    26                           ; permitted provided that the following conditions are met:
    27                           ; 
    28                           ;     1. Redistributions of source code must retain the above copyright notice, this lis
      +                          t of
    29                           ;        conditions and the following disclaimer.
    30                           ; 
    31                           ;     2. Redistributions in binary form must reproduce the above copyright notice, this 
      +                          list
    32                           ;        of conditions and the following disclaimer in the documentation and/or other
    33                           ;        materials provided with the distribution.
    34                           ; 
    35                           ;     3. Microchip's name may not be used to endorse or promote products derived from th
      +                          is
    36                           ;        software without specific prior written permission.
    37                           ; 
    38                           ; THIS SOFTWARE IS PROVIDED BY MICROCHIP "AS IS" AND ANY EXPRESS OR IMPLIED WARRANTIES,
    39                           ; INCLUDING, BUT NOT LIMITED TO, THE IMPLIED WARRANTIES OF MERCHANTABILITY AND FITNESS F
      +                          OR
    40                           ; PURPOSE ARE DISCLAIMED.  IN NO EVENT SHALL MICROCHIP BE LIABLE FOR ANY DIRECT, INDIREC
      +                          T,
    41                           ; INCIDENTAL, SPECIAL, EXEMPLARY, OR CONSEQUENTIAL DAMAGES (INCLUDING BUT NOT LIMITED TO
    42                           ; PROCUREMENT OF SUBSTITUTE GOODS OR SERVICES; LOSS OF USE, DATA OR PROFITS; OR BUSINESS
    43                           ; INTERRUPTION) HOWSOEVER CAUSED AND ON ANY THEORY OF LIABILITY, WHETHER IN CONTRACT, ST
      +                          RICT
    44                           ; LIABILITY, OR TORT (INCLUDING NEGLIGENCE OR OTHERWISE) ARISING IN ANY WAY OUT OF THE U
      +                          SE OF
    45                           ; THIS SOFTWARE, EVEN IF ADVISED OF THE POSSIBILITY OF SUCH DAMAGE.
    46                           ; 
    47                           ; 
    48                           ; Code-generator required, PIC18F4520 Definitions
    49                           ; 
    50                           ; SFR Addresses
    51  0000                     _TRISD	set	3989
    52  0000                     _ADCON1	set	4033
    53  0000                     _PORTD	set	3971
    54                           
    55                           ; #config settings
    56  0000                     
    57                           	psect	cinit
    58  007AB6                     __pcinit:
    59                           	opt callstack 0
    60  007AB6                     start_initialization:
    61                           	opt callstack 0
    62  007AB6                     __initialization:
    63                           	opt callstack 0
    64                           
    65                           ; Clear objects allocated to COMRAM (2 bytes)
    66  007AB6  6A0A               	clrf	(__pbssCOMRAM+1)& (0+255),c
    67  007AB8  6A09               	clrf	__pbssCOMRAM& (0+255),c
    68  007ABA                     end_of_initialization:
    69                           	opt callstack 0
    70  007ABA                     __end_of__initialization:
    71                           	opt callstack 0
    72  007ABA  0100               	movlb	0
    73  007ABC  EFBF  F03E         	goto	_main	;jump to C main() function
    74                           
    75                           	psect	bssCOMRAM
    76  000009                     __pbssCOMRAM:
    77                           	opt callstack 0
    78  000009                     _lcd:
    79                           	opt callstack 0
    80  000009                     	ds	2
    81                           
    82                           	psect	cstackCOMRAM
    83  000001                     __pcstackCOMRAM:
    84                           	opt callstack 0
    85  000001                     init_lcd@lcd:
    86                           	opt callstack 0
    87  000001                     function_set@lcd:
    88                           	opt callstack 0
    89  000001                     display_onoff_control@lcd:
    90                           	opt callstack 0
    91  000001                     entry_mode_set@lcd:
    92                           	opt callstack 0
    93  000001                     write_char@lcd:
    94                           	opt callstack 0
    95                           
    96                           ; 2 bytes @ 0x0
    97  000001                     	ds	2
    98  000003                     function_set@data_lenght:
    99                           	opt callstack 0
   100  000003                     display_onoff_control@display_on:
   101                           	opt callstack 0
   102  000003                     entry_mode_set@move_direction:
   103                           	opt callstack 0
   104  000003                     write_char@c:
   105                           	opt callstack 0
   106  000003                     init_lcd@port:
   107                           	opt callstack 0
   108                           
   109                           ; 2 bytes @ 0x2
   110  000003                     	ds	1
   111  000004                     ??_write_char:
   112  000004                     function_set@num_lines:
   113                           	opt callstack 0
   114  000004                     display_onoff_control@cursor_on:
   115                           	opt callstack 0
   116  000004                     entry_mode_set@display_shift:
   117                           	opt callstack 0
   118                           
   119                           ; 1 bytes @ 0x3
   120  000004                     	ds	1
   121  000005                     ??_entry_mode_set:
   122  000005                     function_set@char_font:
   123                           	opt callstack 0
   124  000005                     display_onoff_control@blink:
   125                           	opt callstack 0
   126                           
   127                           ; 1 bytes @ 0x4
   128  000005                     	ds	1
   129  000006                     ??_function_set:
   130  000006                     ??_display_onoff_control:
   131                           
   132                           ; 1 bytes @ 0x5
   133  000006                     	ds	1
   134  000007                     init_lcd@aux2:
   135                           	opt callstack 0
   136                           
   137                           ; 2 bytes @ 0x6
   138  000007                     	ds	2
   139  000009                     
   140                           ; 1 bytes @ 0x8
   141 ;;
   142 ;;Main: autosize = 0, tempsize = 0, incstack = 0, save=0
   143 ;;
   144 ;; *************** function _main *****************
   145 ;; Defined at:
   146 ;;		line 15 in file "main.c"
   147 ;; Parameters:    Size  Location     Type
   148 ;;		None
   149 ;; Auto vars:     Size  Location     Type
   150 ;;		None
   151 ;; Return value:  Size  Location     Type
   152 ;;                  1    wreg      void 
   153 ;; Registers used:
   154 ;;		wreg, fsr2l, fsr2h, status,2, status,0, cstack
   155 ;; Tracked objects:
   156 ;;		On entry : 0/0
   157 ;;		On exit  : 0/0
   158 ;;		Unchanged: 0/0
   159 ;; Data sizes:     COMRAM   BANK0   BANK1   BANK2   BANK3   BANK4   BANK5
   160 ;;      Params:         0       0       0       0       0       0       0
   161 ;;      Locals:         0       0       0       0       0       0       0
   162 ;;      Temps:          0       0       0       0       0       0       0
   163 ;;      Totals:         0       0       0       0       0       0       0
   164 ;;Total ram usage:        0 bytes
   165 ;; Hardware stack levels required when called:    1
   166 ;; This function calls:
   167 ;;		_display_onoff_control
   168 ;;		_entry_mode_set
   169 ;;		_function_set
   170 ;;		_init_lcd
   171 ;;		_write_char
   172 ;; This function is called by:
   173 ;;		Startup code after reset
   174 ;; This function uses a non-reentrant model
   175 ;;
   176                           
   177                           	psect	text0
   178  007D7E                     __ptext0:
   179                           	opt callstack 0
   180  007D7E                     _main:
   181                           	opt callstack 30
   182  007D7E                     
   183                           ;main.c: 16:     ADCON1 = 0x0F;
   184  007D7E  0E0F               	movlw	15
   185  007D80  6EC1               	movwf	193,c	;volatile
   186                           
   187                           ;main.c: 17:     TRISD = 0x0;
   188  007D82  0E00               	movlw	0
   189  007D84  6E95               	movwf	149,c	;volatile
   190  007D86                     
   191                           ;main.c: 19:     init_lcd(lcd, &PORTD);
   192  007D86  0E00               	movlw	0
   193  007D88  6E01               	movwf	init_lcd@lcd^0,c
   194  007D8A  0E00               	movlw	0
   195  007D8C  6E02               	movwf	(init_lcd@lcd+1)^0,c
   196  007D8E  0E83               	movlw	131
   197  007D90  6E03               	movwf	init_lcd@port^0,c
   198  007D92  0E0F               	movlw	15
   199  007D94  6E04               	movwf	(init_lcd@port+1)^0,c
   200  007D96  EC56  F03D         	call	_init_lcd	;wreg free
   201  007D9A                     
   202                           ;main.c: 21:     function_set(lcd, 0, 0, 0);
   203  007D9A  0E00               	movlw	0
   204  007D9C  6E01               	movwf	function_set@lcd^0,c
   205  007D9E  0E00               	movlw	0
   206  007DA0  6E02               	movwf	(function_set@lcd+1)^0,c
   207  007DA2  0E00               	movlw	0
   208  007DA4  6E03               	movwf	function_set@data_lenght^0,c
   209  007DA6  0E00               	movlw	0
   210  007DA8  6E04               	movwf	function_set@num_lines^0,c
   211  007DAA  0E00               	movlw	0
   212  007DAC  6E05               	movwf	function_set@char_font^0,c
   213  007DAE  EC4B  F03F         	call	_function_set	;wreg free
   214  007DB2                     
   215                           ;main.c: 22:     display_onoff_control(lcd, 1, 1, 0);
   216  007DB2  0E00               	movlw	0
   217  007DB4  6E01               	movwf	display_onoff_control@lcd^0,c
   218  007DB6  0E00               	movlw	0
   219  007DB8  6E02               	movwf	(display_onoff_control@lcd+1)^0,c
   220  007DBA  0E01               	movlw	1
   221  007DBC  6E03               	movwf	display_onoff_control@display_on^0,c
   222  007DBE  0E01               	movlw	1
   223  007DC0  6E04               	movwf	display_onoff_control@cursor_on^0,c
   224  007DC2  0E00               	movlw	0
   225  007DC4  6E05               	movwf	display_onoff_control@blink^0,c
   226  007DC6  ECD0  F03D         	call	_display_onoff_control	;wreg free
   227  007DCA                     
   228                           ;main.c: 23:     entry_mode_set(lcd, 1,0);
   229  007DCA  0E00               	movlw	0
   230  007DCC  6E01               	movwf	entry_mode_set@lcd^0,c
   231  007DCE  0E00               	movlw	0
   232  007DD0  6E02               	movwf	(entry_mode_set@lcd+1)^0,c
   233  007DD2  0E01               	movlw	1
   234  007DD4  6E03               	movwf	entry_mode_set@move_direction^0,c
   235  007DD6  0E00               	movlw	0
   236  007DD8  6E04               	movwf	entry_mode_set@display_shift^0,c
   237  007DDA  EC60  F03D         	call	_entry_mode_set	;wreg free
   238  007DDE                     
   239                           ;main.c: 25:     write_char(lcd, 'H');
   240  007DDE  0E00               	movlw	0
   241  007DE0  6E01               	movwf	write_char@lcd^0,c
   242  007DE2  0E00               	movlw	0
   243  007DE4  6E02               	movwf	(write_char@lcd+1)^0,c
   244  007DE6  0E48               	movlw	72
   245  007DE8  6E03               	movwf	write_char@c^0,c
   246  007DEA  EC45  F03E         	call	_write_char	;wreg free
   247  007DEE                     
   248                           ;main.c: 26:     write_char(lcd, 'E');
   249  007DEE  0E00               	movlw	0
   250  007DF0  6E01               	movwf	write_char@lcd^0,c
   251  007DF2  0E00               	movlw	0
   252  007DF4  6E02               	movwf	(write_char@lcd+1)^0,c
   253  007DF6  0E45               	movlw	69
   254  007DF8  6E03               	movwf	write_char@c^0,c
   255  007DFA  EC45  F03E         	call	_write_char	;wreg free
   256  007DFE                     
   257                           ;main.c: 27:     write_char(lcd, 'L');
   258  007DFE  0E00               	movlw	0
   259  007E00  6E01               	movwf	write_char@lcd^0,c
   260  007E02  0E00               	movlw	0
   261  007E04  6E02               	movwf	(write_char@lcd+1)^0,c
   262  007E06  0E4C               	movlw	76
   263  007E08  6E03               	movwf	write_char@c^0,c
   264  007E0A  EC45  F03E         	call	_write_char	;wreg free
   265  007E0E                     
   266                           ;main.c: 28:     write_char(lcd, 'L');
   267  007E0E  0E00               	movlw	0
   268  007E10  6E01               	movwf	write_char@lcd^0,c
   269  007E12  0E00               	movlw	0
   270  007E14  6E02               	movwf	(write_char@lcd+1)^0,c
   271  007E16  0E4C               	movlw	76
   272  007E18  6E03               	movwf	write_char@c^0,c
   273  007E1A  EC45  F03E         	call	_write_char	;wreg free
   274  007E1E                     
   275                           ;main.c: 29:     write_char(lcd, 'O');
   276  007E1E  0E00               	movlw	0
   277  007E20  6E01               	movwf	write_char@lcd^0,c
   278  007E22  0E00               	movlw	0
   279  007E24  6E02               	movwf	(write_char@lcd+1)^0,c
   280  007E26  0E4F               	movlw	79
   281  007E28  6E03               	movwf	write_char@c^0,c
   282  007E2A  EC45  F03E         	call	_write_char	;wreg free
   283  007E2E                     
   284                           ;main.c: 30:     write_char(lcd, ' ');
   285  007E2E  0E00               	movlw	0
   286  007E30  6E01               	movwf	write_char@lcd^0,c
   287  007E32  0E00               	movlw	0
   288  007E34  6E02               	movwf	(write_char@lcd+1)^0,c
   289  007E36  0E20               	movlw	32
   290  007E38  6E03               	movwf	write_char@c^0,c
   291  007E3A  EC45  F03E         	call	_write_char	;wreg free
   292  007E3E                     
   293                           ;main.c: 31:     write_char(lcd, 'W');
   294  007E3E  0E00               	movlw	0
   295  007E40  6E01               	movwf	write_char@lcd^0,c
   296  007E42  0E00               	movlw	0
   297  007E44  6E02               	movwf	(write_char@lcd+1)^0,c
   298  007E46  0E57               	movlw	87
   299  007E48  6E03               	movwf	write_char@c^0,c
   300  007E4A  EC45  F03E         	call	_write_char	;wreg free
   301  007E4E                     
   302                           ;main.c: 32:     write_char(lcd, 'O');
   303  007E4E  0E00               	movlw	0
   304  007E50  6E01               	movwf	write_char@lcd^0,c
   305  007E52  0E00               	movlw	0
   306  007E54  6E02               	movwf	(write_char@lcd+1)^0,c
   307  007E56  0E4F               	movlw	79
   308  007E58  6E03               	movwf	write_char@c^0,c
   309  007E5A  EC45  F03E         	call	_write_char	;wreg free
   310  007E5E                     
   311                           ;main.c: 33:     write_char(lcd, 'R');
   312  007E5E  0E00               	movlw	0
   313  007E60  6E01               	movwf	write_char@lcd^0,c
   314  007E62  0E00               	movlw	0
   315  007E64  6E02               	movwf	(write_char@lcd+1)^0,c
   316  007E66  0E52               	movlw	82
   317  007E68  6E03               	movwf	write_char@c^0,c
   318  007E6A  EC45  F03E         	call	_write_char	;wreg free
   319  007E6E                     
   320                           ;main.c: 34:     write_char(lcd, 'L');
   321  007E6E  0E00               	movlw	0
   322  007E70  6E01               	movwf	write_char@lcd^0,c
   323  007E72  0E00               	movlw	0
   324  007E74  6E02               	movwf	(write_char@lcd+1)^0,c
   325  007E76  0E4C               	movlw	76
   326  007E78  6E03               	movwf	write_char@c^0,c
   327  007E7A  EC45  F03E         	call	_write_char	;wreg free
   328  007E7E                     
   329                           ;main.c: 35:     write_char(lcd, 'D');
   330  007E7E  0E00               	movlw	0
   331  007E80  6E01               	movwf	write_char@lcd^0,c
   332  007E82  0E00               	movlw	0
   333  007E84  6E02               	movwf	(write_char@lcd+1)^0,c
   334  007E86  0E44               	movlw	68
   335  007E88  6E03               	movwf	write_char@c^0,c
   336  007E8A  EC45  F03E         	call	_write_char	;wreg free
   337  007E8E                     l23:
   338  007E8E  EF47  F03F         	goto	l23
   339  007E92  EF00  F000         	goto	start
   340  007E96                     __end_of_main:
   341                           	opt callstack 0
   342                           
   343 ;; *************** function _write_char *****************
   344 ;; Defined at:
   345 ;;		line 130 in file "lcd_hd_44780.c"
   346 ;; Parameters:    Size  Location     Type
   347 ;;  lcd             2    0[COMRAM] PTR struct .
   348 ;;		 -> NULL(0), 
   349 ;;  c               1    2[COMRAM] unsigned char 
   350 ;; Auto vars:     Size  Location     Type
   351 ;;		None
   352 ;; Return value:  Size  Location     Type
   353 ;;                  1    wreg      void 
   354 ;; Registers used:
   355 ;;		wreg, fsr2l, fsr2h, status,2, status,0
   356 ;; Tracked objects:
   357 ;;		On entry : 0/0
   358 ;;		On exit  : 0/0
   359 ;;		Unchanged: 0/0
   360 ;; Data sizes:     COMRAM   BANK0   BANK1   BANK2   BANK3   BANK4   BANK5
   361 ;;      Params:         3       0       0       0       0       0       0
   362 ;;      Locals:         0       0       0       0       0       0       0
   363 ;;      Temps:          1       0       0       0       0       0       0
   364 ;;      Totals:         4       0       0       0       0       0       0
   365 ;;Total ram usage:        4 bytes
   366 ;; Hardware stack levels used:    1
   367 ;; This function calls:
   368 ;;		Nothing
   369 ;; This function is called by:
   370 ;;		_main
   371 ;; This function uses a non-reentrant model
   372 ;;
   373                           
   374                           	psect	text1
   375  007C8A                     __ptext1:
   376                           	opt callstack 0
   377  007C8A                     _write_char:
   378                           	opt callstack 30
   379  007C8A                     
   380                           ;lcd_hd_44780.c: 131:     lcd->E = 0;
   381  007C8A  C001  FFD9         	movff	write_char@lcd,fsr2l
   382  007C8E  C002  FFDA         	movff	write_char@lcd+1,fsr2h
   383  007C92  94DF               	bcf	indf2,2,c
   384                           
   385                           ;lcd_hd_44780.c: 132:     lcd->RS = 1;
   386  007C94  C001  FFD9         	movff	write_char@lcd,fsr2l
   387  007C98  C002  FFDA         	movff	write_char@lcd+1,fsr2h
   388  007C9C  80DF               	bsf	indf2,0,c
   389                           
   390                           ;lcd_hd_44780.c: 133:     lcd->R_W = 0;
   391  007C9E  C001  FFD9         	movff	write_char@lcd,fsr2l
   392  007CA2  C002  FFDA         	movff	write_char@lcd+1,fsr2h
   393  007CA6  92DF               	bcf	indf2,1,c
   394  007CA8                     
   395                           ;lcd_hd_44780.c: 136:     lcd->data = (c>>4);
   396  007CA8  C003  F004         	movff	write_char@c,??_write_char
   397  007CAC  3A04               	swapf	??_write_char^0,f,c
   398  007CAE  0E0F               	movlw	15
   399  007CB0  1604               	andwf	??_write_char^0,f,c
   400  007CB2  C001  FFD9         	movff	write_char@lcd,fsr2l
   401  007CB6  C002  FFDA         	movff	write_char@lcd+1,fsr2h
   402  007CBA  3A04               	swapf	??_write_char^0,f,c
   403  007CBC  50DF               	movf	indf2,w,c
   404  007CBE  1804               	xorwf	??_write_char^0,w,c
   405  007CC0  0B0F               	andlw	-241
   406  007CC2  1804               	xorwf	??_write_char^0,w,c
   407  007CC4  6EDF               	movwf	indf2,c
   408  007CC6                     
   409                           ;lcd_hd_44780.c: 137:     _delay((unsigned long)((1)*(16000000/4000.0)));
   410  007CC6  0E06               	movlw	6
   411  007CC8  6E04               	movwf	??_write_char^0,c
   412  007CCA  0E30               	movlw	48
   413  007CCC                     u17:
   414  007CCC  2EE8               	decfsz	wreg,f,c
   415  007CCE  D7FE               	bra	u17
   416  007CD0  2E04               	decfsz	??_write_char^0,f,c
   417  007CD2  D7FC               	bra	u17
   418  007CD4  D000               	nop2	
   419  007CD6                     
   420                           ;lcd_hd_44780.c: 140:     lcd->E = 1;
   421  007CD6  C001  FFD9         	movff	write_char@lcd,fsr2l
   422  007CDA  C002  FFDA         	movff	write_char@lcd+1,fsr2h
   423  007CDE  84DF               	bsf	indf2,2,c
   424  007CE0                     
   425                           ;lcd_hd_44780.c: 141:     _delay((unsigned long)((1)*(16000000/4000.0)));
   426  007CE0  0E06               	movlw	6
   427  007CE2  6E04               	movwf	??_write_char^0,c
   428  007CE4  0E30               	movlw	48
   429  007CE6                     u27:
   430  007CE6  2EE8               	decfsz	wreg,f,c
   431  007CE8  D7FE               	bra	u27
   432  007CEA  2E04               	decfsz	??_write_char^0,f,c
   433  007CEC  D7FC               	bra	u27
   434  007CEE  D000               	nop2	
   435  007CF0                     
   436                           ;lcd_hd_44780.c: 144:     lcd->E = 0;
   437  007CF0  C001  FFD9         	movff	write_char@lcd,fsr2l
   438  007CF4  C002  FFDA         	movff	write_char@lcd+1,fsr2h
   439  007CF8  94DF               	bcf	indf2,2,c
   440  007CFA                     
   441                           ;lcd_hd_44780.c: 145:     _delay((unsigned long)((5)*(16000000/4000.0)));
   442  007CFA  0E1A               	movlw	26
   443  007CFC  6E04               	movwf	??_write_char^0,c
   444  007CFE  0EF8               	movlw	248
   445  007D00                     u37:
   446  007D00  2EE8               	decfsz	wreg,f,c
   447  007D02  D7FE               	bra	u37
   448  007D04  2E04               	decfsz	??_write_char^0,f,c
   449  007D06  D7FC               	bra	u37
   450  007D08  D000               	nop2	
   451  007D0A                     
   452                           ;lcd_hd_44780.c: 148:     lcd->data = (c);
   453  007D0A  C003  F004         	movff	write_char@c,??_write_char
   454  007D0E  C001  FFD9         	movff	write_char@lcd,fsr2l
   455  007D12  C002  FFDA         	movff	write_char@lcd+1,fsr2h
   456  007D16  3A04               	swapf	??_write_char^0,f,c
   457  007D18  50DF               	movf	indf2,w,c
   458  007D1A  1804               	xorwf	??_write_char^0,w,c
   459  007D1C  0B0F               	andlw	-241
   460  007D1E  1804               	xorwf	??_write_char^0,w,c
   461  007D20  6EDF               	movwf	indf2,c
   462  007D22                     
   463                           ;lcd_hd_44780.c: 149:     _delay((unsigned long)((1)*(16000000/4000.0)));
   464  007D22  0E06               	movlw	6
   465  007D24  6E04               	movwf	??_write_char^0,c
   466  007D26  0E30               	movlw	48
   467  007D28                     u47:
   468  007D28  2EE8               	decfsz	wreg,f,c
   469  007D2A  D7FE               	bra	u47
   470  007D2C  2E04               	decfsz	??_write_char^0,f,c
   471  007D2E  D7FC               	bra	u47
   472  007D30  D000               	nop2	
   473                           
   474                           ;lcd_hd_44780.c: 152:     lcd->E = 1;
   475  007D32  C001  FFD9         	movff	write_char@lcd,fsr2l
   476  007D36  C002  FFDA         	movff	write_char@lcd+1,fsr2h
   477  007D3A  84DF               	bsf	indf2,2,c
   478  007D3C                     
   479                           ;lcd_hd_44780.c: 153:     _delay((unsigned long)((1)*(16000000/4000.0)));
   480  007D3C  0E06               	movlw	6
   481  007D3E  6E04               	movwf	??_write_char^0,c
   482  007D40  0E30               	movlw	48
   483  007D42                     u57:
   484  007D42  2EE8               	decfsz	wreg,f,c
   485  007D44  D7FE               	bra	u57
   486  007D46  2E04               	decfsz	??_write_char^0,f,c
   487  007D48  D7FC               	bra	u57
   488  007D4A  D000               	nop2	
   489  007D4C                     
   490                           ;lcd_hd_44780.c: 156:     lcd->E = 0;
   491  007D4C  C001  FFD9         	movff	write_char@lcd,fsr2l
   492  007D50  C002  FFDA         	movff	write_char@lcd+1,fsr2h
   493  007D54  94DF               	bcf	indf2,2,c
   494  007D56                     
   495                           ;lcd_hd_44780.c: 157:     lcd->RS = 0;
   496  007D56  C001  FFD9         	movff	write_char@lcd,fsr2l
   497  007D5A  C002  FFDA         	movff	write_char@lcd+1,fsr2h
   498  007D5E  90DF               	bcf	indf2,0,c
   499  007D60                     
   500                           ;lcd_hd_44780.c: 158:     lcd->data = 0x00;
   501  007D60  C001  FFD9         	movff	write_char@lcd,fsr2l
   502  007D64  C002  FFDA         	movff	write_char@lcd+1,fsr2h
   503  007D68  0E0F               	movlw	-241
   504  007D6A  16DF               	andwf	indf2,f,c
   505  007D6C                     
   506                           ;lcd_hd_44780.c: 159:     _delay((unsigned long)((5)*(16000000/4000.0)));
   507  007D6C  0E1A               	movlw	26
   508  007D6E  6E04               	movwf	??_write_char^0,c
   509  007D70  0EF8               	movlw	248
   510  007D72                     u67:
   511  007D72  2EE8               	decfsz	wreg,f,c
   512  007D74  D7FE               	bra	u67
   513  007D76  2E04               	decfsz	??_write_char^0,f,c
   514  007D78  D7FC               	bra	u67
   515  007D7A  D000               	nop2	
   516  007D7C  0012               	return		;funcret
   517  007D7E                     __end_of_write_char:
   518                           	opt callstack 0
   519                           
   520 ;; *************** function _init_lcd *****************
   521 ;; Defined at:
   522 ;;		line 4 in file "lcd_hd_44780.c"
   523 ;; Parameters:    Size  Location     Type
   524 ;;  lcd             2    0[COMRAM] PTR struct .
   525 ;;		 -> NULL(0), RAM(1535), 
   526 ;;  port            2    2[COMRAM] PTR unsigned char 
   527 ;;		 -> PORTD(1), 
   528 ;; Auto vars:     Size  Location     Type
   529 ;;  aux2            2    6[COMRAM] PTR unsigned char 
   530 ;;		 -> NULL(0), RAM(1535), 
   531 ;;  aux             2    0        PTR unsigned char 
   532 ;;		 -> PORTD(1), 
   533 ;; Return value:  Size  Location     Type
   534 ;;                  1    wreg      void 
   535 ;; Registers used:
   536 ;;		wreg, fsr2l, fsr2h, status,2, status,0
   537 ;; Tracked objects:
   538 ;;		On entry : 0/0
   539 ;;		On exit  : 0/0
   540 ;;		Unchanged: 0/0
   541 ;; Data sizes:     COMRAM   BANK0   BANK1   BANK2   BANK3   BANK4   BANK5
   542 ;;      Params:         4       0       0       0       0       0       0
   543 ;;      Locals:         4       0       0       0       0       0       0
   544 ;;      Temps:          0       0       0       0       0       0       0
   545 ;;      Totals:         8       0       0       0       0       0       0
   546 ;;Total ram usage:        8 bytes
   547 ;; Hardware stack levels used:    1
   548 ;; This function calls:
   549 ;;		Nothing
   550 ;; This function is called by:
   551 ;;		_main
   552 ;; This function uses a non-reentrant model
   553 ;;
   554                           
   555                           	psect	text2
   556  007AAC                     __ptext2:
   557                           	opt callstack 0
   558  007AAC                     _init_lcd:
   559                           	opt callstack 30
   560  007AAC                     
   561                           ;lcd_hd_44780.c: 6:     unsigned char *aux2 = lcd;
   562  007AAC  C001  F007         	movff	init_lcd@lcd,init_lcd@aux2
   563  007AB0  C002  F008         	movff	init_lcd@lcd+1,init_lcd@aux2+1
   564  007AB4  0012               	return		;funcret
   565  007AB6                     __end_of_init_lcd:
   566                           	opt callstack 0
   567                           
   568 ;; *************** function _function_set *****************
   569 ;; Defined at:
   570 ;;		line 13 in file "lcd_hd_44780.c"
   571 ;; Parameters:    Size  Location     Type
   572 ;;  lcd             2    0[COMRAM] PTR struct .
   573 ;;		 -> NULL(0), 
   574 ;;  data_lenght     1    2[COMRAM] unsigned char 
   575 ;;  num_lines       1    3[COMRAM] unsigned char 
   576 ;;  char_font       1    4[COMRAM] unsigned char 
   577 ;; Auto vars:     Size  Location     Type
   578 ;;		None
   579 ;; Return value:  Size  Location     Type
   580 ;;                  1    wreg      void 
   581 ;; Registers used:
   582 ;;		wreg, fsr2l, fsr2h, status,2, status,0
   583 ;; Tracked objects:
   584 ;;		On entry : 0/0
   585 ;;		On exit  : 0/0
   586 ;;		Unchanged: 0/0
   587 ;; Data sizes:     COMRAM   BANK0   BANK1   BANK2   BANK3   BANK4   BANK5
   588 ;;      Params:         5       0       0       0       0       0       0
   589 ;;      Locals:         0       0       0       0       0       0       0
   590 ;;      Temps:          3       0       0       0       0       0       0
   591 ;;      Totals:         8       0       0       0       0       0       0
   592 ;;Total ram usage:        8 bytes
   593 ;; Hardware stack levels used:    1
   594 ;; This function calls:
   595 ;;		Nothing
   596 ;; This function is called by:
   597 ;;		_main
   598 ;; This function uses a non-reentrant model
   599 ;;
   600                           
   601                           	psect	text3
   602  007E96                     __ptext3:
   603                           	opt callstack 0
   604  007E96                     _function_set:
   605                           	opt callstack 30
   606  007E96                     
   607                           ;lcd_hd_44780.c: 13: void function_set(t_display_port *lcd, char data_lenght,;lcd_hd_447
      +                          80.c: 14:         char num_lines, char char_font){;lcd_hd_44780.c: 15:     lcd->E = 0;
   608  007E96  C001  FFD9         	movff	function_set@lcd,fsr2l
   609  007E9A  C002  FFDA         	movff	function_set@lcd+1,fsr2h
   610  007E9E  94DF               	bcf	indf2,2,c
   611                           
   612                           ;lcd_hd_44780.c: 16:     lcd->RS = 0;
   613  007EA0  C001  FFD9         	movff	function_set@lcd,fsr2l
   614  007EA4  C002  FFDA         	movff	function_set@lcd+1,fsr2h
   615  007EA8  90DF               	bcf	indf2,0,c
   616                           
   617                           ;lcd_hd_44780.c: 17:     lcd->R_W = 0;
   618  007EAA  C001  FFD9         	movff	function_set@lcd,fsr2l
   619  007EAE  C002  FFDA         	movff	function_set@lcd+1,fsr2h
   620  007EB2  92DF               	bcf	indf2,1,c
   621  007EB4                     
   622                           ;lcd_hd_44780.c: 20:     lcd->data = 0x02;
   623  007EB4  C001  FFD9         	movff	function_set@lcd,fsr2l
   624  007EB8  C002  FFDA         	movff	function_set@lcd+1,fsr2h
   625  007EBC  50DF               	movf	indf2,w,c
   626  007EBE  0B0F               	andlw	-241
   627  007EC0  0920               	iorlw	32
   628  007EC2  6EDF               	movwf	indf2,c
   629  007EC4                     
   630                           ;lcd_hd_44780.c: 21:     _delay((unsigned long)((1)*(16000000/4000.0)));
   631  007EC4  0E06               	movlw	6
   632  007EC6  6E06               	movwf	??_function_set^0,c
   633  007EC8  0E30               	movlw	48
   634  007ECA                     u77:
   635  007ECA  2EE8               	decfsz	wreg,f,c
   636  007ECC  D7FE               	bra	u77
   637  007ECE  2E06               	decfsz	??_function_set^0,f,c
   638  007ED0  D7FC               	bra	u77
   639  007ED2  D000               	nop2	
   640  007ED4                     
   641                           ;lcd_hd_44780.c: 24:     lcd->E = 1;
   642  007ED4  C001  FFD9         	movff	function_set@lcd,fsr2l
   643  007ED8  C002  FFDA         	movff	function_set@lcd+1,fsr2h
   644  007EDC  84DF               	bsf	indf2,2,c
   645  007EDE                     
   646                           ;lcd_hd_44780.c: 25:     _delay((unsigned long)((1)*(16000000/4000.0)));
   647  007EDE  0E06               	movlw	6
   648  007EE0  6E06               	movwf	??_function_set^0,c
   649  007EE2  0E30               	movlw	48
   650  007EE4                     u87:
   651  007EE4  2EE8               	decfsz	wreg,f,c
   652  007EE6  D7FE               	bra	u87
   653  007EE8  2E06               	decfsz	??_function_set^0,f,c
   654  007EEA  D7FC               	bra	u87
   655  007EEC  D000               	nop2	
   656  007EEE                     
   657                           ;lcd_hd_44780.c: 28:     lcd->E = 0;
   658  007EEE  C001  FFD9         	movff	function_set@lcd,fsr2l
   659  007EF2  C002  FFDA         	movff	function_set@lcd+1,fsr2h
   660  007EF6  94DF               	bcf	indf2,2,c
   661  007EF8                     
   662                           ;lcd_hd_44780.c: 29:     _delay((unsigned long)((5)*(16000000/4000.0)));
   663  007EF8  0E1A               	movlw	26
   664  007EFA  6E06               	movwf	??_function_set^0,c
   665  007EFC  0EF8               	movlw	248
   666  007EFE                     u97:
   667  007EFE  2EE8               	decfsz	wreg,f,c
   668  007F00  D7FE               	bra	u97
   669  007F02  2E06               	decfsz	??_function_set^0,f,c
   670  007F04  D7FC               	bra	u97
   671  007F06  D000               	nop2	
   672  007F08                     
   673                           ;lcd_hd_44780.c: 33:     lcd->data = 0x02|data_lenght;
   674  007F08  C003  F006         	movff	function_set@data_lenght,??_function_set
   675  007F0C  0E02               	movlw	2
   676  007F0E  1206               	iorwf	??_function_set^0,f,c
   677  007F10  C001  FFD9         	movff	function_set@lcd,fsr2l
   678  007F14  C002  FFDA         	movff	function_set@lcd+1,fsr2h
   679  007F18  3A06               	swapf	??_function_set^0,f,c
   680  007F1A  50DF               	movf	indf2,w,c
   681  007F1C  1806               	xorwf	??_function_set^0,w,c
   682  007F1E  0B0F               	andlw	-241
   683  007F20  1806               	xorwf	??_function_set^0,w,c
   684  007F22  6EDF               	movwf	indf2,c
   685  007F24                     
   686                           ;lcd_hd_44780.c: 34:     _delay((unsigned long)((1)*(16000000/4000.0)));
   687  007F24  0E06               	movlw	6
   688  007F26  6E06               	movwf	??_function_set^0,c
   689  007F28  0E30               	movlw	48
   690  007F2A                     u107:
   691  007F2A  2EE8               	decfsz	wreg,f,c
   692  007F2C  D7FE               	bra	u107
   693  007F2E  2E06               	decfsz	??_function_set^0,f,c
   694  007F30  D7FC               	bra	u107
   695  007F32  D000               	nop2	
   696  007F34                     
   697                           ;lcd_hd_44780.c: 37:     lcd->E = 1;
   698  007F34  C001  FFD9         	movff	function_set@lcd,fsr2l
   699  007F38  C002  FFDA         	movff	function_set@lcd+1,fsr2h
   700  007F3C  84DF               	bsf	indf2,2,c
   701  007F3E                     
   702                           ;lcd_hd_44780.c: 38:     _delay((unsigned long)((1)*(16000000/4000.0)));
   703  007F3E  0E06               	movlw	6
   704  007F40  6E06               	movwf	??_function_set^0,c
   705  007F42  0E30               	movlw	48
   706  007F44                     u117:
   707  007F44  2EE8               	decfsz	wreg,f,c
   708  007F46  D7FE               	bra	u117
   709  007F48  2E06               	decfsz	??_function_set^0,f,c
   710  007F4A  D7FC               	bra	u117
   711  007F4C  D000               	nop2	
   712  007F4E                     
   713                           ;lcd_hd_44780.c: 41:     lcd->E = 0;
   714  007F4E  C001  FFD9         	movff	function_set@lcd,fsr2l
   715  007F52  C002  FFDA         	movff	function_set@lcd+1,fsr2h
   716  007F56  94DF               	bcf	indf2,2,c
   717  007F58                     
   718                           ;lcd_hd_44780.c: 42:     _delay((unsigned long)((5)*(16000000/4000.0)));
   719  007F58  0E1A               	movlw	26
   720  007F5A  6E06               	movwf	??_function_set^0,c
   721  007F5C  0EF8               	movlw	248
   722  007F5E                     u127:
   723  007F5E  2EE8               	decfsz	wreg,f,c
   724  007F60  D7FE               	bra	u127
   725  007F62  2E06               	decfsz	??_function_set^0,f,c
   726  007F64  D7FC               	bra	u127
   727  007F66  D000               	nop2	
   728  007F68                     
   729                           ;lcd_hd_44780.c: 43:     lcd->data = 0x00;
   730  007F68  C001  FFD9         	movff	function_set@lcd,fsr2l
   731  007F6C  C002  FFDA         	movff	function_set@lcd+1,fsr2h
   732  007F70  0E0F               	movlw	-241
   733  007F72  16DF               	andwf	indf2,f,c
   734  007F74                     
   735                           ;lcd_hd_44780.c: 48:     lcd->data = lcd->data|(num_lines<<3)|(char_font<<2);
   736  007F74  C001  FFD9         	movff	function_set@lcd,fsr2l
   737  007F78  C002  FFDA         	movff	function_set@lcd+1,fsr2h
   738  007F7C  38DF               	swapf	indf2,w,c
   739  007F7E  0B0F               	andlw	15
   740  007F80  6E06               	movwf	??_function_set^0,c
   741  007F82  C005  F007         	movff	function_set@char_font,??_function_set+1
   742  007F86  90D8               	bcf	status,0,c
   743  007F88  3607               	rlcf	(??_function_set+1)^0,f,c
   744  007F8A  90D8               	bcf	status,0,c
   745  007F8C  3607               	rlcf	(??_function_set+1)^0,f,c
   746  007F8E  3804               	swapf	function_set@num_lines^0,w,c
   747  007F90  42E8               	rrncf	wreg,f,c
   748  007F92  0BF8               	andlw	248
   749  007F94  1007               	iorwf	(??_function_set+1)^0,w,c
   750  007F96  1006               	iorwf	??_function_set^0,w,c
   751  007F98  6E08               	movwf	(??_function_set+2)^0,c
   752  007F9A  C001  FFD9         	movff	function_set@lcd,fsr2l
   753  007F9E  C002  FFDA         	movff	function_set@lcd+1,fsr2h
   754  007FA2  3A08               	swapf	(??_function_set+2)^0,f,c
   755  007FA4  50DF               	movf	indf2,w,c
   756  007FA6  1808               	xorwf	(??_function_set+2)^0,w,c
   757  007FA8  0B0F               	andlw	-241
   758  007FAA  1808               	xorwf	(??_function_set+2)^0,w,c
   759  007FAC  6EDF               	movwf	indf2,c
   760  007FAE                     
   761                           ;lcd_hd_44780.c: 49:     _delay((unsigned long)((1)*(16000000/4000.0)));
   762  007FAE  0E06               	movlw	6
   763  007FB0  6E06               	movwf	??_function_set^0,c
   764  007FB2  0E30               	movlw	48
   765  007FB4                     u137:
   766  007FB4  2EE8               	decfsz	wreg,f,c
   767  007FB6  D7FE               	bra	u137
   768  007FB8  2E06               	decfsz	??_function_set^0,f,c
   769  007FBA  D7FC               	bra	u137
   770  007FBC  D000               	nop2	
   771  007FBE                     
   772                           ;lcd_hd_44780.c: 52:     lcd->E = 1;
   773  007FBE  C001  FFD9         	movff	function_set@lcd,fsr2l
   774  007FC2  C002  FFDA         	movff	function_set@lcd+1,fsr2h
   775  007FC6  84DF               	bsf	indf2,2,c
   776                           
   777                           ;lcd_hd_44780.c: 53:     _delay((unsigned long)((1)*(16000000/4000.0)));
   778  007FC8  0E06               	movlw	6
   779  007FCA  6E06               	movwf	??_function_set^0,c
   780  007FCC  0E30               	movlw	48
   781  007FCE                     u147:
   782  007FCE  2EE8               	decfsz	wreg,f,c
   783  007FD0  D7FE               	bra	u147
   784  007FD2  2E06               	decfsz	??_function_set^0,f,c
   785  007FD4  D7FC               	bra	u147
   786  007FD6  D000               	nop2	
   787  007FD8                     
   788                           ;lcd_hd_44780.c: 56:     lcd->E = 0;
   789  007FD8  C001  FFD9         	movff	function_set@lcd,fsr2l
   790  007FDC  C002  FFDA         	movff	function_set@lcd+1,fsr2h
   791  007FE0  94DF               	bcf	indf2,2,c
   792  007FE2                     
   793                           ;lcd_hd_44780.c: 57:     _delay((unsigned long)((5)*(16000000/4000.0)));
   794  007FE2  0E1A               	movlw	26
   795  007FE4  6E06               	movwf	??_function_set^0,c
   796  007FE6  0EF8               	movlw	248
   797  007FE8                     u157:
   798  007FE8  2EE8               	decfsz	wreg,f,c
   799  007FEA  D7FE               	bra	u157
   800  007FEC  2E06               	decfsz	??_function_set^0,f,c
   801  007FEE  D7FC               	bra	u157
   802  007FF0  D000               	nop2	
   803  007FF2                     
   804                           ;lcd_hd_44780.c: 58:     lcd->data = 0x00;
   805  007FF2  C001  FFD9         	movff	function_set@lcd,fsr2l
   806  007FF6  C002  FFDA         	movff	function_set@lcd+1,fsr2h
   807  007FFA  0E0F               	movlw	-241
   808  007FFC  16DF               	andwf	indf2,f,c
   809  007FFE  0012               	return		;funcret
   810  008000                     __end_of_function_set:
   811                           	opt callstack 0
   812                           
   813 ;; *************** function _entry_mode_set *****************
   814 ;; Defined at:
   815 ;;		line 95 in file "lcd_hd_44780.c"
   816 ;; Parameters:    Size  Location     Type
   817 ;;  lcd             2    0[COMRAM] PTR struct .
   818 ;;		 -> NULL(0), 
   819 ;;  move_directi    1    2[COMRAM] unsigned char 
   820 ;;  display_shif    1    3[COMRAM] unsigned char 
   821 ;; Auto vars:     Size  Location     Type
   822 ;;		None
   823 ;; Return value:  Size  Location     Type
   824 ;;                  1    wreg      void 
   825 ;; Registers used:
   826 ;;		wreg, fsr2l, fsr2h, status,2, status,0
   827 ;; Tracked objects:
   828 ;;		On entry : 0/0
   829 ;;		On exit  : 0/0
   830 ;;		Unchanged: 0/0
   831 ;; Data sizes:     COMRAM   BANK0   BANK1   BANK2   BANK3   BANK4   BANK5
   832 ;;      Params:         4       0       0       0       0       0       0
   833 ;;      Locals:         0       0       0       0       0       0       0
   834 ;;      Temps:          1       0       0       0       0       0       0
   835 ;;      Totals:         5       0       0       0       0       0       0
   836 ;;Total ram usage:        5 bytes
   837 ;; Hardware stack levels used:    1
   838 ;; This function calls:
   839 ;;		Nothing
   840 ;; This function is called by:
   841 ;;		_main
   842 ;; This function uses a non-reentrant model
   843 ;;
   844                           
   845                           	psect	text4
   846  007AC0                     __ptext4:
   847                           	opt callstack 0
   848  007AC0                     _entry_mode_set:
   849                           	opt callstack 30
   850  007AC0                     
   851                           ;lcd_hd_44780.c: 96:     lcd->E = 0;
   852  007AC0  C001  FFD9         	movff	entry_mode_set@lcd,fsr2l
   853  007AC4  C002  FFDA         	movff	entry_mode_set@lcd+1,fsr2h
   854  007AC8  94DF               	bcf	indf2,2,c
   855                           
   856                           ;lcd_hd_44780.c: 97:     lcd->RS = 0;
   857  007ACA  C001  FFD9         	movff	entry_mode_set@lcd,fsr2l
   858  007ACE  C002  FFDA         	movff	entry_mode_set@lcd+1,fsr2h
   859  007AD2  90DF               	bcf	indf2,0,c
   860                           
   861                           ;lcd_hd_44780.c: 98:     lcd->R_W = 0;
   862  007AD4  C001  FFD9         	movff	entry_mode_set@lcd,fsr2l
   863  007AD8  C002  FFDA         	movff	entry_mode_set@lcd+1,fsr2h
   864  007ADC  92DF               	bcf	indf2,1,c
   865  007ADE                     
   866                           ;lcd_hd_44780.c: 100:     lcd->data = 0x00;
   867  007ADE  C001  FFD9         	movff	entry_mode_set@lcd,fsr2l
   868  007AE2  C002  FFDA         	movff	entry_mode_set@lcd+1,fsr2h
   869  007AE6  0E0F               	movlw	-241
   870  007AE8  16DF               	andwf	indf2,f,c
   871  007AEA                     
   872                           ;lcd_hd_44780.c: 101:     _delay((unsigned long)((1)*(16000000/4000.0)));
   873  007AEA  0E06               	movlw	6
   874  007AEC  6E05               	movwf	??_entry_mode_set^0,c
   875  007AEE  0E30               	movlw	48
   876  007AF0                     u167:
   877  007AF0  2EE8               	decfsz	wreg,f,c
   878  007AF2  D7FE               	bra	u167
   879  007AF4  2E05               	decfsz	??_entry_mode_set^0,f,c
   880  007AF6  D7FC               	bra	u167
   881  007AF8  D000               	nop2	
   882  007AFA                     
   883                           ;lcd_hd_44780.c: 104:     lcd->E = 1;
   884  007AFA  C001  FFD9         	movff	entry_mode_set@lcd,fsr2l
   885  007AFE  C002  FFDA         	movff	entry_mode_set@lcd+1,fsr2h
   886  007B02  84DF               	bsf	indf2,2,c
   887  007B04                     
   888                           ;lcd_hd_44780.c: 105:     _delay((unsigned long)((1)*(16000000/4000.0)));
   889  007B04  0E06               	movlw	6
   890  007B06  6E05               	movwf	??_entry_mode_set^0,c
   891  007B08  0E30               	movlw	48
   892  007B0A                     u177:
   893  007B0A  2EE8               	decfsz	wreg,f,c
   894  007B0C  D7FE               	bra	u177
   895  007B0E  2E05               	decfsz	??_entry_mode_set^0,f,c
   896  007B10  D7FC               	bra	u177
   897  007B12  D000               	nop2	
   898  007B14                     
   899                           ;lcd_hd_44780.c: 108:     lcd->E = 0;
   900  007B14  C001  FFD9         	movff	entry_mode_set@lcd,fsr2l
   901  007B18  C002  FFDA         	movff	entry_mode_set@lcd+1,fsr2h
   902  007B1C  94DF               	bcf	indf2,2,c
   903  007B1E                     
   904                           ;lcd_hd_44780.c: 109:     _delay((unsigned long)((5)*(16000000/4000.0)));
   905  007B1E  0E1A               	movlw	26
   906  007B20  6E05               	movwf	??_entry_mode_set^0,c
   907  007B22  0EF8               	movlw	248
   908  007B24                     u187:
   909  007B24  2EE8               	decfsz	wreg,f,c
   910  007B26  D7FE               	bra	u187
   911  007B28  2E05               	decfsz	??_entry_mode_set^0,f,c
   912  007B2A  D7FC               	bra	u187
   913  007B2C  D000               	nop2	
   914  007B2E                     
   915                           ;lcd_hd_44780.c: 112:     lcd->data = 0x04|(move_direction<<1)|display_shift;
   916  007B2E  5003               	movf	entry_mode_set@move_direction^0,w,c
   917  007B30  2403               	addwf	entry_mode_set@move_direction^0,w,c
   918  007B32  1004               	iorwf	entry_mode_set@display_shift^0,w,c
   919  007B34  6E05               	movwf	??_entry_mode_set^0,c
   920  007B36  0E04               	movlw	4
   921  007B38  1205               	iorwf	??_entry_mode_set^0,f,c
   922  007B3A  C001  FFD9         	movff	entry_mode_set@lcd,fsr2l
   923  007B3E  C002  FFDA         	movff	entry_mode_set@lcd+1,fsr2h
   924  007B42  3A05               	swapf	??_entry_mode_set^0,f,c
   925  007B44  50DF               	movf	indf2,w,c
   926  007B46  1805               	xorwf	??_entry_mode_set^0,w,c
   927  007B48  0B0F               	andlw	-241
   928  007B4A  1805               	xorwf	??_entry_mode_set^0,w,c
   929  007B4C  6EDF               	movwf	indf2,c
   930  007B4E                     
   931                           ;lcd_hd_44780.c: 113:     _delay((unsigned long)((1)*(16000000/4000.0)));
   932  007B4E  0E06               	movlw	6
   933  007B50  6E05               	movwf	??_entry_mode_set^0,c
   934  007B52  0E30               	movlw	48
   935  007B54                     u197:
   936  007B54  2EE8               	decfsz	wreg,f,c
   937  007B56  D7FE               	bra	u197
   938  007B58  2E05               	decfsz	??_entry_mode_set^0,f,c
   939  007B5A  D7FC               	bra	u197
   940  007B5C  D000               	nop2	
   941  007B5E                     
   942                           ;lcd_hd_44780.c: 116:     lcd->E = 1;
   943  007B5E  C001  FFD9         	movff	entry_mode_set@lcd,fsr2l
   944  007B62  C002  FFDA         	movff	entry_mode_set@lcd+1,fsr2h
   945  007B66  84DF               	bsf	indf2,2,c
   946  007B68                     
   947                           ;lcd_hd_44780.c: 117:     _delay((unsigned long)((1)*(16000000/4000.0)));
   948  007B68  0E06               	movlw	6
   949  007B6A  6E05               	movwf	??_entry_mode_set^0,c
   950  007B6C  0E30               	movlw	48
   951  007B6E                     u207:
   952  007B6E  2EE8               	decfsz	wreg,f,c
   953  007B70  D7FE               	bra	u207
   954  007B72  2E05               	decfsz	??_entry_mode_set^0,f,c
   955  007B74  D7FC               	bra	u207
   956  007B76  D000               	nop2	
   957  007B78                     
   958                           ;lcd_hd_44780.c: 120:     lcd->E = 0;
   959  007B78  C001  FFD9         	movff	entry_mode_set@lcd,fsr2l
   960  007B7C  C002  FFDA         	movff	entry_mode_set@lcd+1,fsr2h
   961  007B80  94DF               	bcf	indf2,2,c
   962  007B82                     
   963                           ;lcd_hd_44780.c: 121:     lcd->data = 0x00;
   964  007B82  C001  FFD9         	movff	entry_mode_set@lcd,fsr2l
   965  007B86  C002  FFDA         	movff	entry_mode_set@lcd+1,fsr2h
   966  007B8A  0E0F               	movlw	-241
   967  007B8C  16DF               	andwf	indf2,f,c
   968  007B8E                     
   969                           ;lcd_hd_44780.c: 122:     _delay((unsigned long)((5)*(16000000/4000.0)));
   970  007B8E  0E1A               	movlw	26
   971  007B90  6E05               	movwf	??_entry_mode_set^0,c
   972  007B92  0EF8               	movlw	248
   973  007B94                     u217:
   974  007B94  2EE8               	decfsz	wreg,f,c
   975  007B96  D7FE               	bra	u217
   976  007B98  2E05               	decfsz	??_entry_mode_set^0,f,c
   977  007B9A  D7FC               	bra	u217
   978  007B9C  D000               	nop2	
   979  007B9E  0012               	return		;funcret
   980  007BA0                     __end_of_entry_mode_set:
   981                           	opt callstack 0
   982                           
   983 ;; *************** function _display_onoff_control *****************
   984 ;; Defined at:
   985 ;;		line 61 in file "lcd_hd_44780.c"
   986 ;; Parameters:    Size  Location     Type
   987 ;;  lcd             2    0[COMRAM] PTR struct .
   988 ;;		 -> NULL(0), 
   989 ;;  display_on      1    2[COMRAM] unsigned char 
   990 ;;  cursor_on       1    3[COMRAM] unsigned char 
   991 ;;  blink           1    4[COMRAM] unsigned char 
   992 ;; Auto vars:     Size  Location     Type
   993 ;;		None
   994 ;; Return value:  Size  Location     Type
   995 ;;                  1    wreg      void 
   996 ;; Registers used:
   997 ;;		wreg, fsr2l, fsr2h, status,2, status,0
   998 ;; Tracked objects:
   999 ;;		On entry : 0/0
  1000 ;;		On exit  : 0/0
  1001 ;;		Unchanged: 0/0
  1002 ;; Data sizes:     COMRAM   BANK0   BANK1   BANK2   BANK3   BANK4   BANK5
  1003 ;;      Params:         5       0       0       0       0       0       0
  1004 ;;      Locals:         0       0       0       0       0       0       0
  1005 ;;      Temps:          2       0       0       0       0       0       0
  1006 ;;      Totals:         7       0       0       0       0       0       0
  1007 ;;Total ram usage:        7 bytes
  1008 ;; Hardware stack levels used:    1
  1009 ;; This function calls:
  1010 ;;		Nothing
  1011 ;; This function is called by:
  1012 ;;		_main
  1013 ;; This function uses a non-reentrant model
  1014 ;;
  1015                           
  1016                           	psect	text5
  1017  007BA0                     __ptext5:
  1018                           	opt callstack 0
  1019  007BA0                     _display_onoff_control:
  1020                           	opt callstack 30
  1021  007BA0                     
  1022                           ;lcd_hd_44780.c: 61: void display_onoff_control(t_display_port *lcd, char display_on,;lc
      +                          d_hd_44780.c: 62:         char cursor_on, char blink){;lcd_hd_44780.c: 63:     lcd->E = 
      +                          0;
  1023  007BA0  C001  FFD9         	movff	display_onoff_control@lcd,fsr2l
  1024  007BA4  C002  FFDA         	movff	display_onoff_control@lcd+1,fsr2h
  1025  007BA8  94DF               	bcf	indf2,2,c
  1026                           
  1027                           ;lcd_hd_44780.c: 64:     lcd->RS = 0;
  1028  007BAA  C001  FFD9         	movff	display_onoff_control@lcd,fsr2l
  1029  007BAE  C002  FFDA         	movff	display_onoff_control@lcd+1,fsr2h
  1030  007BB2  90DF               	bcf	indf2,0,c
  1031                           
  1032                           ;lcd_hd_44780.c: 65:     lcd->R_W = 0;
  1033  007BB4  C001  FFD9         	movff	display_onoff_control@lcd,fsr2l
  1034  007BB8  C002  FFDA         	movff	display_onoff_control@lcd+1,fsr2h
  1035  007BBC  92DF               	bcf	indf2,1,c
  1036  007BBE                     
  1037                           ;lcd_hd_44780.c: 67:     lcd->data = 0x00;
  1038  007BBE  C001  FFD9         	movff	display_onoff_control@lcd,fsr2l
  1039  007BC2  C002  FFDA         	movff	display_onoff_control@lcd+1,fsr2h
  1040  007BC6  0E0F               	movlw	-241
  1041  007BC8  16DF               	andwf	indf2,f,c
  1042  007BCA                     
  1043                           ;lcd_hd_44780.c: 68:     _delay((unsigned long)((1)*(16000000/4000.0)));
  1044  007BCA  0E06               	movlw	6
  1045  007BCC  6E06               	movwf	??_display_onoff_control^0,c
  1046  007BCE  0E30               	movlw	48
  1047  007BD0                     u227:
  1048  007BD0  2EE8               	decfsz	wreg,f,c
  1049  007BD2  D7FE               	bra	u227
  1050  007BD4  2E06               	decfsz	??_display_onoff_control^0,f,c
  1051  007BD6  D7FC               	bra	u227
  1052  007BD8  D000               	nop2	
  1053  007BDA                     
  1054                           ;lcd_hd_44780.c: 71:     lcd->E = 1;
  1055  007BDA  C001  FFD9         	movff	display_onoff_control@lcd,fsr2l
  1056  007BDE  C002  FFDA         	movff	display_onoff_control@lcd+1,fsr2h
  1057  007BE2  84DF               	bsf	indf2,2,c
  1058  007BE4                     
  1059                           ;lcd_hd_44780.c: 72:     _delay((unsigned long)((1)*(16000000/4000.0)));
  1060  007BE4  0E06               	movlw	6
  1061  007BE6  6E06               	movwf	??_display_onoff_control^0,c
  1062  007BE8  0E30               	movlw	48
  1063  007BEA                     u237:
  1064  007BEA  2EE8               	decfsz	wreg,f,c
  1065  007BEC  D7FE               	bra	u237
  1066  007BEE  2E06               	decfsz	??_display_onoff_control^0,f,c
  1067  007BF0  D7FC               	bra	u237
  1068  007BF2  D000               	nop2	
  1069  007BF4                     
  1070                           ;lcd_hd_44780.c: 75:     lcd->E = 0;
  1071  007BF4  C001  FFD9         	movff	display_onoff_control@lcd,fsr2l
  1072  007BF8  C002  FFDA         	movff	display_onoff_control@lcd+1,fsr2h
  1073  007BFC  94DF               	bcf	indf2,2,c
  1074  007BFE                     
  1075                           ;lcd_hd_44780.c: 76:     _delay((unsigned long)((5)*(16000000/4000.0)));
  1076  007BFE  0E1A               	movlw	26
  1077  007C00  6E06               	movwf	??_display_onoff_control^0,c
  1078  007C02  0EF8               	movlw	248
  1079  007C04                     u247:
  1080  007C04  2EE8               	decfsz	wreg,f,c
  1081  007C06  D7FE               	bra	u247
  1082  007C08  2E06               	decfsz	??_display_onoff_control^0,f,c
  1083  007C0A  D7FC               	bra	u247
  1084  007C0C  D000               	nop2	
  1085  007C0E                     
  1086                           ;lcd_hd_44780.c: 81:     lcd->data = (0x08)|(display_on<<2)|(cursor_on<<1)|(blink);
  1087  007C0E  90D8               	bcf	status,0,c
  1088  007C10  3404               	rlcf	display_onoff_control@cursor_on^0,w,c
  1089  007C12  6E06               	movwf	??_display_onoff_control^0,c
  1090  007C14  4403               	rlncf	display_onoff_control@display_on^0,w,c
  1091  007C16  46E8               	rlncf	wreg,f,c
  1092  007C18  0BFC               	andlw	252
  1093  007C1A  1006               	iorwf	??_display_onoff_control^0,w,c
  1094  007C1C  1005               	iorwf	display_onoff_control@blink^0,w,c
  1095  007C1E  6E07               	movwf	(??_display_onoff_control+1)^0,c
  1096  007C20  0E08               	movlw	8
  1097  007C22  1207               	iorwf	(??_display_onoff_control+1)^0,f,c
  1098  007C24  C001  FFD9         	movff	display_onoff_control@lcd,fsr2l
  1099  007C28  C002  FFDA         	movff	display_onoff_control@lcd+1,fsr2h
  1100  007C2C  3A07               	swapf	(??_display_onoff_control+1)^0,f,c
  1101  007C2E  50DF               	movf	indf2,w,c
  1102  007C30  1807               	xorwf	(??_display_onoff_control+1)^0,w,c
  1103  007C32  0B0F               	andlw	-241
  1104  007C34  1807               	xorwf	(??_display_onoff_control+1)^0,w,c
  1105  007C36  6EDF               	movwf	indf2,c
  1106  007C38                     
  1107                           ;lcd_hd_44780.c: 82:     _delay((unsigned long)((1)*(16000000/4000.0)));
  1108  007C38  0E06               	movlw	6
  1109  007C3A  6E06               	movwf	??_display_onoff_control^0,c
  1110  007C3C  0E30               	movlw	48
  1111  007C3E                     u257:
  1112  007C3E  2EE8               	decfsz	wreg,f,c
  1113  007C40  D7FE               	bra	u257
  1114  007C42  2E06               	decfsz	??_display_onoff_control^0,f,c
  1115  007C44  D7FC               	bra	u257
  1116  007C46  D000               	nop2	
  1117  007C48                     
  1118                           ;lcd_hd_44780.c: 85:     lcd->E = 1;
  1119  007C48  C001  FFD9         	movff	display_onoff_control@lcd,fsr2l
  1120  007C4C  C002  FFDA         	movff	display_onoff_control@lcd+1,fsr2h
  1121  007C50  84DF               	bsf	indf2,2,c
  1122  007C52                     
  1123                           ;lcd_hd_44780.c: 86:     _delay((unsigned long)((1)*(16000000/4000.0)));
  1124  007C52  0E06               	movlw	6
  1125  007C54  6E06               	movwf	??_display_onoff_control^0,c
  1126  007C56  0E30               	movlw	48
  1127  007C58                     u267:
  1128  007C58  2EE8               	decfsz	wreg,f,c
  1129  007C5A  D7FE               	bra	u267
  1130  007C5C  2E06               	decfsz	??_display_onoff_control^0,f,c
  1131  007C5E  D7FC               	bra	u267
  1132  007C60  D000               	nop2	
  1133  007C62                     
  1134                           ;lcd_hd_44780.c: 89:     lcd->E = 0;
  1135  007C62  C001  FFD9         	movff	display_onoff_control@lcd,fsr2l
  1136  007C66  C002  FFDA         	movff	display_onoff_control@lcd+1,fsr2h
  1137  007C6A  94DF               	bcf	indf2,2,c
  1138  007C6C                     
  1139                           ;lcd_hd_44780.c: 90:     _delay((unsigned long)((5)*(16000000/4000.0)));
  1140  007C6C  0E1A               	movlw	26
  1141  007C6E  6E06               	movwf	??_display_onoff_control^0,c
  1142  007C70  0EF8               	movlw	248
  1143  007C72                     u277:
  1144  007C72  2EE8               	decfsz	wreg,f,c
  1145  007C74  D7FE               	bra	u277
  1146  007C76  2E06               	decfsz	??_display_onoff_control^0,f,c
  1147  007C78  D7FC               	bra	u277
  1148  007C7A  D000               	nop2	
  1149  007C7C                     
  1150                           ;lcd_hd_44780.c: 91:     lcd->data = 0x00;
  1151  007C7C  C001  FFD9         	movff	display_onoff_control@lcd,fsr2l
  1152  007C80  C002  FFDA         	movff	display_onoff_control@lcd+1,fsr2h
  1153  007C84  0E0F               	movlw	-241
  1154  007C86  16DF               	andwf	indf2,f,c
  1155  007C88  0012               	return		;funcret
  1156  007C8A                     __end_of_display_onoff_control:
  1157                           	opt callstack 0
  1158  0000                     
  1159                           	psect	rparam
  1160  0000                     tosu	equ	0xFFF
  1161                           tosh	equ	0xFFE
  1162                           tosl	equ	0xFFD
  1163                           stkptr	equ	0xFFC
  1164                           pclatu	equ	0xFFB
  1165                           pclath	equ	0xFFA
  1166                           pcl	equ	0xFF9
  1167                           tblptru	equ	0xFF8
  1168                           tblptrh	equ	0xFF7
  1169                           tblptrl	equ	0xFF6
  1170                           tablat	equ	0xFF5
  1171                           prodh	equ	0xFF4
  1172                           prodl	equ	0xFF3
  1173                           indf0	equ	0xFEF
  1174                           postinc0	equ	0xFEE
  1175                           postdec0	equ	0xFED
  1176                           preinc0	equ	0xFEC
  1177                           plusw0	equ	0xFEB
  1178                           fsr0h	equ	0xFEA
  1179                           fsr0l	equ	0xFE9
  1180                           wreg	equ	0xFE8
  1181                           indf1	equ	0xFE7
  1182                           postinc1	equ	0xFE6
  1183                           postdec1	equ	0xFE5
  1184                           preinc1	equ	0xFE4
  1185                           plusw1	equ	0xFE3
  1186                           fsr1h	equ	0xFE2
  1187                           fsr1l	equ	0xFE1
  1188                           bsr	equ	0xFE0
  1189                           indf2	equ	0xFDF
  1190                           postinc2	equ	0xFDE
  1191                           postdec2	equ	0xFDD
  1192                           preinc2	equ	0xFDC
  1193                           plusw2	equ	0xFDB
  1194                           fsr2h	equ	0xFDA
  1195                           fsr2l	equ	0xFD9
  1196                           status	equ	0xFD8


Data Sizes:
    Strings     0
    Constant    0
    Data        0
    BSS         2
    Persistent  0
    Stack       0

Auto Spaces:
    Space          Size  Autos    Used
    COMRAM          127      8      10
    BANK0           128      0       0
    BANK1           256      0       0
    BANK2           256      0       0
    BANK3           256      0       0
    BANK4           256      0       0
    BANK5           256      0       0

Pointer List with Targets:

    write_char@lcd	PTR struct . size(2) Largest target is 0
		 -> NULL(NULL[0]), 

    entry_mode_set@lcd	PTR struct . size(2) Largest target is 0
		 -> NULL(NULL[0]), 

    display_onoff_control@lcd	PTR struct . size(2) Largest target is 0
		 -> NULL(NULL[0]), 

    function_set@lcd	PTR struct . size(2) Largest target is 0
		 -> NULL(NULL[0]), 

    init_lcd@lcd	PTR struct . size(2) Largest target is 1535
		 -> NULL(NULL[0]), RAM(DATA[1535]), 

    init_lcd@aux2	PTR unsigned char  size(2) Largest target is 1535
		 -> NULL(NULL[0]), RAM(DATA[1535]), 

    init_lcd@port	PTR unsigned char  size(2) Largest target is 1
		 -> PORTD(SFR[1]), 

    init_lcd@aux	PTR unsigned char  size(2) Largest target is 1
		 -> PORTD(SFR[1]), 

    lcd	PTR struct . size(2) Largest target is 0
		 -> NULL(NULL[0]), 


Critical Paths under _main in COMRAM

    _main->_function_set
    _main->_init_lcd

Critical Paths under _main in BANK0

    None.

Critical Paths under _main in BANK1

    None.

Critical Paths under _main in BANK2

    None.

Critical Paths under _main in BANK3

    None.

Critical Paths under _main in BANK4

    None.

Critical Paths under _main in BANK5

    None.

Call Graph Tables:

 ---------------------------------------------------------------------------------
 (Depth) Function   	        Calls       Base Space   Used Autos Params    Refs
 ---------------------------------------------------------------------------------
 (0) _main                                                 0     0      0    3961
              _display_onoff_control
                     _entry_mode_set
                       _function_set
                           _init_lcd
                         _write_char
 ---------------------------------------------------------------------------------
 (1) _write_char                                           4     1      3    1958
                                              0 COMRAM     4     1      3
 ---------------------------------------------------------------------------------
 (1) _init_lcd                                             8     4      4     221
                                              0 COMRAM     8     4      4
 ---------------------------------------------------------------------------------
 (1) _function_set                                         8     3      5     700
                                              0 COMRAM     8     3      5
 ---------------------------------------------------------------------------------
 (1) _entry_mode_set                                       5     1      4     492
                                              0 COMRAM     5     1      4
 ---------------------------------------------------------------------------------
 (1) _display_onoff_control                                7     2      5     590
                                              0 COMRAM     7     2      5
 ---------------------------------------------------------------------------------
 Estimated maximum stack depth 1
 ---------------------------------------------------------------------------------

 Call Graph Graphs:

 _main (ROOT)
   _display_onoff_control
   _entry_mode_set
   _function_set
   _init_lcd
   _write_char

 Address spaces:
Name               Size   Autos  Total    Cost      Usage
BIGRAM             5FF      0       0      17        0.0%
EEDATA             100      0       0       0        0.0%
BITBANK5           100      0       0      16        0.0%
BANK5              100      0       0      14        0.0%
BITBANK4           100      0       0      12        0.0%
BANK4              100      0       0      13        0.0%
BITBANK3           100      0       0      10        0.0%
BANK3              100      0       0      11        0.0%
BITBANK2           100      0       0       8        0.0%
BANK2              100      0       0       9        0.0%
BITBANK1           100      0       0       6        0.0%
BANK1              100      0       0       7        0.0%
BITBANK0            80      0       0       4        0.0%
BANK0               80      0       0       5        0.0%
BITCOMRAM           7F      0       0       0        0.0%
COMRAM              7F      8       A       1        7.9%
BITSFR               0      0       0     200        0.0%
SFR                  0      0       0     200        0.0%
STACK                0      0       0       2        0.0%
NULL                 0      0       0       0        0.0%
ABS                  0      0       A      15        0.0%
DATA                 0      0       A       3        0.0%
CODE                 0      0       0       0        0.0%


Microchip Technology PIC18 Macro Assembler V2.10 build 88905656 
Symbol Table                                                                                   Sat May 02 11:52:28 2020

         ?_display_onoff_control 0001                               l31 7AB4  
                             l23 7E8E                               l40 7B9E  
                             l24 7E8E                               l34 7FFE  
                             l37 7C88                               l46 7D7C  
                             u17 7CCC                               u27 7CE6  
                             u37 7D00                               u47 7D28  
                             u57 7D42                               u67 7D72  
                             u77 7ECA                               u87 7EE4  
                             u97 7EFE                      __CFG_OSC$HS 000000  
                            l900 7F08                              l910 7F58  
                            l902 7F24                              l920 7FD8  
                            l912 7F68                              l904 7F34  
                            l930 7BCA                              l922 7FE2  
                            l914 7F74                              l906 7F3E  
                            l940 7C0E                              l932 7BDA  
                            l924 7FF2                              l916 7FAE  
                            l908 7F4E                              l950 7C6C  
                            l942 7C38                              l934 7BE4  
                            l926 7BA0                              l918 7FBE  
                            l952 7C7C                              l944 7C48  
                            l936 7BF4                              l928 7BBE  
                            l960 7AFA                              l946 7C52  
                            l938 7BFE                              l970 7B4E  
                            l962 7B04                              l954 7AC0  
                            l890 7EC4                              l882 7AAC  
                            l948 7C62                              l980 7B8E  
                            l972 7B5E                              l964 7B14  
                            l956 7ADE                              l892 7ED4  
                            l884 7AB4                              l974 7B68  
                            l966 7B1E                              l958 7AEA  
                            l894 7EDE                              l886 7E96  
                            l990 7CE0                              l982 7C8A  
                            l976 7B78                              l968 7B2E  
                            l896 7EEE                              l888 7EB4  
                            l992 7CF0                              l984 7CA8  
                            l978 7B82                              l898 7EF8  
                            l994 7CFA                              l986 7CC6  
                            l996 7D0A                              l988 7CD6  
                            l998 7D22                              u107 7F2A  
                            u117 7F44                              u207 7B6E  
                            u127 7F5E                              u217 7B94  
                            u137 7FB4                              u227 7BD0  
                            u147 7FCE                              u237 7BEA  
                            u157 7FE8                              u247 7C04  
                            u167 7AF0                              u257 7C3E  
                            u177 7B0A                              u267 7C58  
                            u187 7B24                              u277 7C72  
                            u197 7B54                              _lcd 0009  
                            wreg 000FE8                    write_char@lcd 0001  
                   __CFG_WDT$OFF 000000                             l1000 7D3C  
                           l1002 7D4C                             l1010 7D7E  
                           l1004 7D56                             l1020 7DDE  
                           l1012 7D86                             l1006 7D60  
                           l1030 7E2E                             l1022 7DEE  
                           l1014 7D9A                             l1008 7D6C  
                           l1040 7E7E                             l1032 7E3E  
                           l1024 7DFE                             l1016 7DB2  
                           l1034 7E4E                             l1026 7E0E  
                           l1018 7DCA                             l1036 7E5E  
                           l1028 7E1E                             l1038 7E6E  
                           _main 7D7E                             fsr2h 000FDA  
                           indf2 000FDF                             fsr2l 000FD9  
                           start 0000            function_set@num_lines 0004  
                  __CFG_MCLRE$ON 000000                     ___param_bank 000000  
                function_set@lcd 0001                            ?_main 0001  
                          _PORTD 000F83                            _TRISD 000F95  
                          status 000FD8                  __initialization 7AB6  
                   __end_of_main 7E96                           ??_main 0009  
                  __activetblptr 000000                           _ADCON1 000FC1  
                    init_lcd@lcd 0001                 __end_of_init_lcd 7AB6  
                  ?_function_set 0001         display_onoff_control@lcd 0001  
                     __accesstop 0080          __end_of__initialization 7ABA  
                  ___rparam_used 000001          ??_display_onoff_control 0006  
                 __pcstackCOMRAM 0001                   ??_function_set 0006  
    entry_mode_set@display_shift 0004                        ?_init_lcd 0001  
        __size_of_entry_mode_set 00E0                          __Hparam 0000  
 display_onoff_control@cursor_on 0004                          __Lparam 0000  
                        __pcinit 7AB6                          __ramtop 0600  
                        __ptext0 7D7E                          __ptext1 7C8A  
                        __ptext2 7AAC                          __ptext3 7E96  
                        __ptext4 7AC0                          __ptext5 7BA0  
                   init_lcd@aux2 0007                     init_lcd@port 0003  
           end_of_initialization 7ABA             __end_of_function_set 8000  
                     ??_init_lcd 0005   __size_of_display_onoff_control 00EA  
  __end_of_display_onoff_control 7C8A                       _write_char 7C8A  
            start_initialization 7AB6                   _entry_mode_set 7AC0  
                    __pbssCOMRAM 0009            __size_of_function_set 016A  
         __end_of_entry_mode_set 7BA0                __size_of_init_lcd 000A  
                    ?_write_char 0001                     _function_set 7E96  
                ?_entry_mode_set 0001     entry_mode_set@move_direction 0003  
display_onoff_control@display_on 0003       display_onoff_control@blink 0005  
                    write_char@c 0003              __size_of_write_char 00F4  
                       __Hrparam 0000                         __Lrparam 0000  
              entry_mode_set@lcd 0001                         _init_lcd 7AAC  
                  __size_of_main 0118            _display_onoff_control 7BA0  
        function_set@data_lenght 0003                     ??_write_char 0004  
               ??_entry_mode_set 0005            function_set@char_font 0005  
             __end_of_write_char 7D7E  
